1640187153501	mozrunner::runner	INFO	Running command: "C:\\Program Files\\Firefox Developer Edition\\firefox.exe" "-marionette" "-foreground" "-no-remote" "-profile" "C:\\Users\\Ian\\AppData\\Local\\Temp\\rust_mozprofiletwHP2y"
1640187154125	Marionette	INFO	Marionette enabled
JavaScript error: resource://gre/modules/XULStore.jsm, line 66: Error: Can't find profile directory.
console.warn: SearchSettings: "get: No settings file exists, new profile?" (new NotFoundError("Could not open the file at C:\\Users\\Ian\\AppData\\Local\\Temp\\rust_mozprofiletwHP2y\\search.json.mozlz4", (void 0)))
1640187157378	Marionette	INFO	Listening on port 57812
1640187157724	RemoteAgent	WARN	TLS certificate errors will be ignored for this session
JavaScript error: https://www.pjud.cl/estadisticas/estadisticas-cortes-juzgados, line 345: ReferenceError: jtcodedropmenu is not defined
JavaScript error: https://cdn.userway.org/widgetapp/2021-12-21/widget_app_base_1640089837250.js, line 3: TypeError: can't access property "moveX", e.widget_position_nudge is null
JavaScript error: resource://devtools/server/actors/network-monitor/network-event-actor.js, line 110: Error: Got a request https://ajax.googleapis.com/ajax/libs/jqueryui/1.10.1/themes/base/minified/jquery-ui.min.css without a browsingContextID set
JavaScript error: resource://devtools/server/actors/network-monitor/network-event-actor.js, line 110: Error: Got a request https://fonts.googleapis.com/css?family=Roboto&display=swap without a browsingContextID set
JavaScript error: resource://devtools/server/actors/network-monitor/network-event-actor.js, line 110: Error: Got a request https://cdn.datatables.net/buttons/1.5.6/css/buttons.dataTables.min.css without a browsingContextID set
JavaScript error: , line 0: NotFoundError: No such JSWindowActor 'DevToolsFrame'
JavaScript error: , line 0: NotFoundError: No such JSWindowActor 'DevToolsFrame'
console.error: (new TypeError("can't access property \"getFront\", container.node.targetFront is null", "resource://devtools/client/inspector/markup/markup.js", 2315))
JavaScript error: resource://activity-stream/lib/PersonalityProvider/PersonalityProvider.jsm, line 68: TypeError: http://%(server)s/dummy/blocklist// is not a valid URL.
JavaScript error: resource://activity-stream/lib/PersonalityProvider/PersonalityProvider.jsm, line 68: TypeError: http://%(server)s/dummy/blocklist// is not a valid URL.
JavaScript error: resource://activity-stream/lib/PersonalityProvider/PersonalityProvider.jsm, line 68: TypeError: http://%(server)s/dummy/blocklist// is not a valid URL.
JavaScript error: resource://activity-stream/lib/PersonalityProvider/PersonalityProvider.jsm, line 68: TypeError: http://%(server)s/dummy/blocklist// is not a valid URL.
JavaScript error: resource://activity-stream/lib/PersonalityProvider/PersonalityProvider.jsm, line 68: TypeError: http://%(server)s/dummy/blocklist// is not a valid URL.
JavaScript error: resource://activity-stream/lib/PersonalityProvider/PersonalityProvider.jsm, line 68: TypeError: http://%(server)s/dummy/blocklist// is not a valid URL.
JavaScript error: resource://activity-stream/lib/PersonalityProvider/PersonalityProvider.jsm, line 68: TypeError: http://%(server)s/dummy/blocklist// is not a valid URL.
JavaScript error: resource://activity-stream/lib/PersonalityProvider/PersonalityProvider.jsm, line 68: TypeError: http://%(server)s/dummy/blocklist// is not a valid URL.
console.error: (new TypeError("can't access property \"getFront\", container.node.targetFront is null", "resource://devtools/client/inspector/markup/markup.js", 2315))
JavaScript error: resource://activity-stream/lib/PersonalityProvider/PersonalityProvider.jsm, line 68: TypeError: http://%(server)s/dummy/blocklist// is not a valid URL.
JavaScript error: resource://activity-stream/lib/PersonalityProvider/PersonalityProvider.jsm, line 68: TypeError: http://%(server)s/dummy/blocklist// is not a valid URL.
JavaScript error: resource://activity-stream/lib/PersonalityProvider/PersonalityProvider.jsm, line 68: TypeError: http://%(server)s/dummy/blocklist// is not a valid URL.
JavaScript error: resource://activity-stream/lib/PersonalityProvider/PersonalityProvider.jsm, line 68: TypeError: http://%(server)s/dummy/blocklist// is not a valid URL.
JavaScript error: resource://gre/modules/AsyncShutdown.jsm, line 575: NotFoundError: No such JSWindowActor 'DevToolsFrame'
1640192104277	Marionette	INFO	Stopped listening on port 57812
console.warn: TopSitesFeed: Failed to fetch data from Contile server: NetworkError when attempting to fetch resource.
JavaScript error: chrome://remote/content/marionette/cert.js, line 55: NS_ERROR_NOT_AVAILABLE: Component returned failure code: 0x80040111 (NS_ERROR_NOT_AVAILABLE) [nsICertOverrideService.setDisableAllSecurityChecksAndLetAttackersInterceptMyData]
1640192115819	mozrunner::runner	INFO	Running command: "C:\\Program Files\\Firefox Developer Edition\\firefox.exe" "-marionette" "-foreground" "-no-remote" "-profile" "C:\\Users\\Ian\\AppData\\Local\\Temp\\rust_mozprofileqTCqEJ"
1640192116341	Marionette	INFO	Marionette enabled
JavaScript error: resource://gre/modules/XULStore.jsm, line 66: Error: Can't find profile directory.
console.warn: SearchSettings: "get: No settings file exists, new profile?" (new NotFoundError("Could not open the file at C:\\Users\\Ian\\AppData\\Local\\Temp\\rust_mozprofileqTCqEJ\\search.json.mozlz4", (void 0)))
1640192119080	Marionette	INFO	Listening on port 65505
1640192119530	RemoteAgent	WARN	TLS certificate errors will be ignored for this session
JavaScript error: https://www.pjud.cl/estadisticas/estadisticas-cortes-juzgados, line 345: ReferenceError: jtcodedropmenu is not defined
JavaScript error: https://cdn.userway.org/widgetapp/2021-12-21/widget_app_base_1640089837250.js, line 3: TypeError: can't access property "moveX", e.widget_position_nudge is null
JavaScript error: resource://activity-stream/lib/PersonalityProvider/PersonalityProvider.jsm, line 68: TypeError: http://%(server)s/dummy/blocklist// is not a valid URL.
JavaScript error: resource://activity-stream/lib/PersonalityProvider/PersonalityProvider.jsm, line 68: TypeError: http://%(server)s/dummy/blocklist// is not a valid URL.
JavaScript error: resource://activity-stream/lib/PersonalityProvider/PersonalityProvider.jsm, line 68: TypeError: http://%(server)s/dummy/blocklist// is not a valid URL.
JavaScript error: resource://activity-stream/lib/PersonalityProvider/PersonalityProvider.jsm, line 68: TypeError: http://%(server)s/dummy/blocklist// is not a valid URL.
JavaScript error: resource://activity-stream/lib/PersonalityProvider/PersonalityProvider.jsm, line 68: TypeError: http://%(server)s/dummy/blocklist// is not a valid URL.
JavaScript error: resource://activity-stream/lib/PersonalityProvider/PersonalityProvider.jsm, line 68: TypeError: http://%(server)s/dummy/blocklist// is not a valid URL.
JavaScript error: resource://activity-stream/lib/PersonalityProvider/PersonalityProvider.jsm, line 68: TypeError: http://%(server)s/dummy/blocklist// is not a valid URL.
JavaScript error: resource://activity-stream/lib/PersonalityProvider/PersonalityProvider.jsm, line 68: TypeError: http://%(server)s/dummy/blocklist// is not a valid URL.
JavaScript error: resource://activity-stream/lib/PersonalityProvider/PersonalityProvider.jsm, line 68: TypeError: http://%(server)s/dummy/blocklist// is not a valid URL.
JavaScript error: resource://activity-stream/lib/PersonalityProvider/PersonalityProvider.jsm, line 68: TypeError: http://%(server)s/dummy/blocklist// is not a valid URL.
JavaScript error: resource://activity-stream/lib/PersonalityProvider/PersonalityProvider.jsm, line 68: TypeError: http://%(server)s/dummy/blocklist// is not a valid URL.
JavaScript error: resource://activity-stream/lib/PersonalityProvider/PersonalityProvider.jsm, line 68: TypeError: http://%(server)s/dummy/blocklist// is not a valid URL.
JavaScript error: resource://activity-stream/lib/PersonalityProvider/PersonalityProvider.jsm, line 68: TypeError: http://%(server)s/dummy/blocklist// is not a valid URL.
JavaScript error: resource://activity-stream/lib/PersonalityProvider/PersonalityProvider.jsm, line 68: TypeError: http://%(server)s/dummy/blocklist// is not a valid URL.
JavaScript error: resource://activity-stream/lib/PersonalityProvider/PersonalityProvider.jsm, line 68: TypeError: http://%(server)s/dummy/blocklist// is not a valid URL.
JavaScript error: resource://activity-stream/lib/PersonalityProvider/PersonalityProvider.jsm, line 68: TypeError: http://%(server)s/dummy/blocklist// is not a valid URL.
JavaScript error: resource://activity-stream/lib/PersonalityProvider/PersonalityProvider.jsm, line 68: TypeError: http://%(server)s/dummy/blocklist// is not a valid URL.
JavaScript error: resource://activity-stream/lib/PersonalityProvider/PersonalityProvider.jsm, line 68: TypeError: http://%(server)s/dummy/blocklist// is not a valid URL.
JavaScript error: resource://activity-stream/lib/PersonalityProvider/PersonalityProvider.jsm, line 68: TypeError: http://%(server)s/dummy/blocklist// is not a valid URL.
JavaScript error: resource://activity-stream/lib/PersonalityProvider/PersonalityProvider.jsm, line 68: TypeError: http://%(server)s/dummy/blocklist// is not a valid URL.
JavaScript error: resource://activity-stream/lib/PersonalityProvider/PersonalityProvider.jsm, line 68: TypeError: http://%(server)s/dummy/blocklist// is not a valid URL.
JavaScript error: resource://activity-stream/lib/PersonalityProvider/PersonalityProvider.jsm, line 68: TypeError: http://%(server)s/dummy/blocklist// is not a valid URL.
